<?xml version="1.0" encoding="UTF-8"?>
<!-- Generated by org.testng.reporters.JUnitReportReporter -->
<testsuite hostname="DESKTOP-BUF84LU" failures="0" tests="1" name="com.website.scripts.TC_022" time="15.807" errors="0" timestamp="2022-08-30T00:09:20 IST" skipped="0">
  <testcase classname="com.website.scripts.TC_022" name="verifyValidLogin" time="15.807"/>
  <system-out/>
</testsuite> <!-- com.website.scripts.TC_022 -->
