<?xml version="1.0" encoding="UTF-8"?>
<!-- Generated by org.testng.reporters.JUnitReportReporter -->
<testsuite hostname="DESKTOP-BUF84LU" failures="0" tests="1" name="com.website.scripts.TC_039" time="16.854" errors="0" timestamp="2022-08-30T20:44:54 IST" skipped="0">
  <testcase classname="com.website.scripts.TC_039" name="verifyValidLogin" time="16.854"/>
  <system-out/>
</testsuite> <!-- com.website.scripts.TC_039 -->
