<?xml version="1.0" encoding="UTF-8"?>
<!-- Generated by org.testng.reporters.JUnitReportReporter -->
<testsuite hostname="DESKTOP-BUF84LU" failures="0" tests="1" name="com.website.scripts.TC_004" time="49.423" errors="0" timestamp="2022-08-29T00:21:29 IST" skipped="0">
  <testcase classname="com.website.scripts.TC_004" name="verifyValidLogin" time="49.423"/>
  <system-out/>
</testsuite> <!-- com.website.scripts.TC_004 -->
