<?xml version="1.0" encoding="UTF-8"?>
<!-- Generated by org.testng.reporters.JUnitReportReporter -->
<testsuite hostname="DESKTOP-BUF84LU" failures="0" tests="1" name="com.website.scripts.TC_015" time="47.508" errors="0" timestamp="2022-09-07T23:55:14 IST" skipped="0">
  <testcase classname="com.website.scripts.TC_015" name="verifyValidLogin" time="47.508"/>
  <system-out/>
</testsuite> <!-- com.website.scripts.TC_015 -->
