<?xml version="1.0" encoding="UTF-8"?>
<!-- Generated by org.testng.reporters.JUnitReportReporter -->
<testsuite hostname="DESKTOP-BUF84LU" failures="0" tests="1" name="com.website.scripts.TestClass" time="31.737" errors="0" timestamp="2022-08-28T16:28:57 IST" skipped="0">
  <testcase classname="com.website.scripts.TestClass" name="verifyValidLogin" time="31.737"/>
  <system-out/>
</testsuite> <!-- com.website.scripts.TestClass -->
