<?xml version="1.0" encoding="UTF-8"?>
<!-- Generated by org.testng.reporters.JUnitReportReporter -->
<testsuite hostname="DESKTOP-BUF84LU" failures="0" tests="1" name="com.website.scripts.TC_035" time="49.461" errors="0" timestamp="2022-08-30T20:29:43 IST" skipped="0">
  <testcase classname="com.website.scripts.TC_035" name="verifyValidLogin" time="49.461"/>
  <system-out/>
</testsuite> <!-- com.website.scripts.TC_035 -->
