<?xml version="1.0" encoding="UTF-8"?>
<!-- Generated by org.testng.reporters.JUnitReportReporter -->
<testsuite hostname="DESKTOP-BUF84LU" failures="0" tests="1" name="com.website.scripts.TC_001" time="50.043" errors="0" timestamp="2022-08-28T23:58:10 IST" skipped="0">
  <testcase classname="com.website.scripts.TC_001" name="verifyValidLogin" time="50.043"/>
  <system-out/>
</testsuite> <!-- com.website.scripts.TC_001 -->
