<?xml version="1.0" encoding="UTF-8"?>
<!-- Generated by org.testng.reporters.JUnitReportReporter -->
<testsuite hostname="DESKTOP-BUF84LU" failures="0" tests="1" name="com.website.scripts.TC_32" time="50.073" errors="0" timestamp="2022-08-30T20:18:41 IST" skipped="0">
  <testcase classname="com.website.scripts.TC_32" name="verifyValidLogin" time="50.073"/>
  <system-out/>
</testsuite> <!-- com.website.scripts.TC_32 -->
